生成启动时间为 2022/8/9 9:25:13。
     1>项目“D:\cpp,project\tangchishe.com\tangchishe.com\tangchishe.com.vcxproj”在节点 2 上(Build 个目标)。
     1>ClCompile:
         A:\yc\VC\bin\CL.exe /c /ZI /nologo /W3 /WX- /Od /Oy- /D WIN32 /D _DEBUG /D _CONSOLE /D _LIB /D _UNICODE /D UNICODE /Gm /EHsc /RTC1 /MDd /GS /fp:precise /Zc:wchar_t /Zc:forScope /Fo"Debug\\" /Fd"Debug\vc120.pdb" /Gd /TP /analyze- /errorReport:prompt tangcishe.cpp
         tangcishe.cpp
     1>d:\cpp,project\tangchishe.com\tangchishe.com\tangcishe.cpp(47): error C3861: “start_game”:  找不到标识符
     1>d:\cpp,project\tangchishe.com\tangchishe.com\tangcishe.cpp(49): error C3861: “over_game”:  找不到标识符
     1>d:\cpp,project\tangchishe.com\tangchishe.com\tangcishe.cpp(123): error C4430: 缺少类型说明符 - 假定为 int。注意:  C++ 不支持默认 int
     1>d:\cpp,project\tangchishe.com\tangchishe.com\tangcishe.cpp(136): warning C4508: “print_information”: 函数应返回一个值；假定“void”返回类型
     1>已完成生成项目“D:\cpp,project\tangchishe.com\tangchishe.com\tangchishe.com.vcxproj”(Build 个目标)的操作 - 失败。

生成失败。

已用时间 00:00:01.30
